Diagnose log at 2023-08-26T04:02:28Z

Executable: C:\Program Files\Git\mingw64\bin\git-credential-manager-core.exe
Version: 2.0.785+6074e4e3d3

------------
Diagnostic: Environment
Skipped: False
Success: True
Exception: None
Log:
OSType: Windows
OSVersion: 10.0 (build 19045)
Reading environment variables... OK
 Variables:
HOMEPATH=\Users\user
DriverData=C:\Windows\System32\Drivers\DriverData
COMPUTERNAME=P-C-P-G
MSYSTEM=MINGW64
CommonProgramFiles(x86)=C:\Program Files (x86)\Common Files
OneDrive=C:\Users\user\OneDrive
ChocolateyLastPathUpdate=133241064054919700
SSH_ASKPASS=C:/Program Files/Git/mingw64/bin/git-askpass.exe
TMPDIR=C:\Users\user\AppData\Local\Temp
SESSIONNAME=Console
CONFIG_SITE=C:/Program Files/Git/etc/config.site
LC_CTYPE=en_US.UTF-8
USERDOMAIN=P-C-P-G
PATHEXT=.COM;.EXE;.BAT;.CMD;.VBS;.VBE;.JS;.JSE;.WSF;.WSH;.MSC
AMDRMPATH=C:\Program Files\AMD\RyzenMaster\
USERNAME=user
MINGW_PREFIX=C:/Program Files/Git/mingw64
ProgramFiles(x86)=C:\Program Files (x86)
ACLOCAL_PATH=C:\Program Files\Git\mingw64\share\aclocal;C:\Program Files\Git\usr\share\aclocal
PYTHONPATH=C:\Users\user\AppData\Local\Programs\Python\Python37\Scripts
LOCALAPPDATA=C:\Users\user\AppData\Local
MANPATH=C:\Program Files\Git\mingw64\local\man;C:\Program Files\Git\mingw64\share\man;C:\Program Files\Git\usr\local\man;C:\Program Files\Git\usr\share\man;C:\Program Files\Git\usr\man;C:\Program Files\Git\share\man
TERM=xterm
PROCESSOR_IDENTIFIER=AMD64 Family 25 Model 33 Stepping 2, AuthenticAMD
MSYSTEM_CARCH=x86_64
PROGRAMFILES=C:\Program Files (x86)
ProgramData=C:\ProgramData
JAVA_HOME=C:\Program Files\Java\jdk1.8.0_202\jre\bin\server\jvm.dll
TERM_PROGRAM_VERSION=3.6.1
ORIGINAL_TMP=C:/Users/user/AppData/Local/Temp
PROCESSOR_REVISION=2102
SYSTEMROOT=C:\Windows
TERM_PROGRAM=mintty
PROCESSOR_LEVEL=25
NUMBER_OF_PROCESSORS=16
PATH=C:\Users\user\bin;C:\Program Files\Git\mingw64\bin;C:\Program Files\Git\usr\local\bin;C:\Program Files\Git\usr\bin;C:\Program Files\Git\usr\bin;C:\Program Files\Git\mingw64\bin;C:\Program Files\Git\usr\bin;C:\Users\user\bin;C:\Program Files\Common Files\Oracle\Java\javapath;C:\Program Files (x86)\Common Files\Oracle\Java\javapath;C:\Program Files (x86)\Razer Chroma SDK\bin;C:\Program Files\Razer Chroma SDK\bin;C:\Program Files\Eclipse Adoptium\jdk-8.0.345.1-hotspot\bin;C:\Program Files (x86)\Razer\ChromaBroadcast\bin;C:\Program Files\Razer\ChromaBroadcast\bin;C:\Windows\system32;C:\Windows;C:\Windows\System32\Wbem;C:\Windows\System32\WindowsPowerShell\v1.0;C:\Windows\System32\OpenSSH;C:\Windows\system32\config\systemprofile\AppData\Local\Microsoft\WindowsApps;C:\Program Files (x86)\NVIDIA Corporation\PhysX\Common;C:\Program Files\dotnet;C:\Program Files\Java\jdk1.8.0_202\bin;C:\Program Files\Git\cmd;C:\Program Files\nodejs;C:\Users\user\AppData\Local\Microsoft\WindowsApps;C:\Users\user\AppData\Local\atom\bin;C:\Users\user\.dotnet\tools;C:\Users\user\AppData\Local\Programs\Microsoft VS Code\bin;C:\Users\user\AppData\Roaming\npm;C:\Users\user\IntelliJ IDEA Community Edition 2022.2.3\bin;C:\Program Files (x86)\Common Files\Acronis\SnapAPI;C:\Program Files (x86)\Common Files\Acronis\VirtualFile;C:\Program Files (x86)\Common Files\Acronis\VirtualFile64;C:\Users\user\AppData\Local\Programs\Python\Python37;C:\Program Files\Docker\Docker\resources\bin;C:\ProgramData\chocolatey\bin;C:\Users\user\AppData\Local\Programs\Python\Python37\Scripts;C:\Program Files\CUDNN_DEPEN\zlib123dllx64\dll_x64;C:\Program Files\NVIDIA Corporation\CUDNN;C:\Program Files (x86)\GnuPG\bin;C:\Program Files (x86)\Paragon Software\LinuxFS for Windows;C:\Program Files (x86)\Yarn\bin;C:\Users\user\.cargo\bin;C:\Users\user\AppData\Local\Programs\Python\Python37\Scripts;C:\Users\user\AppData\Local\Programs\Python\Python37;C:\Users\user\AppData\Local\Microsoft\WindowsApps;C:\Users\user\AppData\Local\atom\bin;C:\Users\user\.dotnet\tools;C:\Users\user\AppData\Local\Programs\Microsoft VS Code\bin;C:\Users\user\AppData\Roaming\npm;C:\Users\user\IntelliJ IDEA Community Edition 2022.2.3\bin;C:\Program Files\CUDNN_DEPEN\zlib123dllx64\dll_x64;C:\Program Files\NVIDIA GPU Computing Toolkit\CUDNN\bin;C:\Program Files\protoc2122\bin;C:\Program Files\msys64;C:\Program Files\External\ffmpeg-5.1.2-essentials_build\bin;C:\Users\user\AppData\Local\Yarn\bin;C:\Program Files\Git\usr\bin\vendor_perl;C:\Program Files\Git\usr\bin\core_perl
SHLVL=1
APPDATA=C:\Users\user\AppData\Roaming
SYSTEMDRIVE=C:
PSModulePath=C:\Program Files\WindowsPowerShell\Modules;C:\Windows\system32\WindowsPowerShell\v1.0\Modules;C:\Program Files\Intel\Wired Networking\
CSSCRIPT_INC=C:\ProgramData\cs-script\inc
FPS_BROWSER_USER_PROFILE_STRING=Default
PKG_CONFIG_PATH=C:\Program Files\Git\mingw64\lib\pkgconfig;C:\Program Files\Git\mingw64\share\pkgconfig
MSYSTEM_CHOST=x86_64-w64-mingw32
ORIGINAL_TEMP=C:/Users/user/AppData/Local/Temp
WINDIR=C:\Windows
PLINK_PROTOCOL=ssh
INFOPATH=C:\Program Files\Git\usr\local\info;C:\Program Files\Git\usr\share\info;C:\Program Files\Git\usr\info;C:\Program Files\Git\share\info
ProgramW6432=C:\Program Files
ACSvcPort=17532
ChocolateyInstall=C:\ProgramData\chocolatey
FPS_BROWSER_APP_PROFILE_STRING=Internet Explorer
VBOX_HWVIRTEX_IGNORE_SVM_IN_USE=1
RlsSvcPort=22112
TMP=C:\Users\user\AppData\Local\Temp
PUBLIC=C:\Users\Public
SHELL=C:\Program Files\Git\usr\bin\bash.exe
HOME=C:\Users\user
COMSPEC=C:\Windows\system32\cmd.exe
LOGONSERVER=\\P-C-P-G
USERPROFILE=C:\Users\user
DISPLAY=needs-to-be-defined
COMMONPROGRAMFILES=C:\Program Files (x86)\Common Files
USERDOMAIN_ROAMINGPROFILE=P-C-P-G
IntelliJ IDEA Community Edition=C:\Users\user\IntelliJ IDEA Community Edition 2022.2.3\bin;
HOMEDRIVE=C:
MSYSTEM_PREFIX=C:/Program Files/Git/mingw64
MINGW_PACKAGE_PREFIX=mingw-w64-x86_64
CommonProgramW6432=C:\Program Files\Common Files
PWD=D:/Documents/IVE/MTR-IET
EXEPATH=C:\Program Files\Git
HOSTNAME=P-C-P-G
PROCESSOR_ARCHITEW6432=AMD64
ORIGINAL_PATH=C:\Program Files\Git\mingw64\bin;C:\Program Files\Git\usr\bin;C:\Users\user\bin;C:\Program Files\Common Files\Oracle\Java\javapath;C:\Program Files (x86)\Common Files\Oracle\Java\javapath;C:\Program Files (x86)\Razer Chroma SDK\bin;C:\Program Files\Razer Chroma SDK\bin;C:\Program Files\Eclipse Adoptium\jdk-8.0.345.1-hotspot\bin;C:\Program Files (x86)\Razer\ChromaBroadcast\bin;C:\Program Files\Razer\ChromaBroadcast\bin;C:\Windows\system32;C:\Windows;C:\Windows\System32\Wbem;C:\Windows\System32\WindowsPowerShell\v1.0;C:\Windows\System32\OpenSSH;C:\Windows\system32\config\systemprofile\AppData\Local\Microsoft\WindowsApps;C:\Program Files (x86)\NVIDIA Corporation\PhysX\Common;C:\Program Files\dotnet;C:\Program Files\Java\jdk1.8.0_202\bin;C:\Program Files\Git\cmd;C:\Program Files\nodejs;C:\Users\user\AppData\Local\Microsoft\WindowsApps;C:\Users\user\AppData\Local\atom\bin;C:\Users\user\.dotnet\tools;C:\Users\user\AppData\Local\Programs\Microsoft VS Code\bin;C:\Users\user\AppData\Roaming\npm;C:\Users\user\IntelliJ IDEA Community Edition 2022.2.3\bin;C:\Program Files (x86)\Common Files\Acronis\SnapAPI;C:\Program Files (x86)\Common Files\Acronis\VirtualFile;C:\Program Files (x86)\Common Files\Acronis\VirtualFile64;C:\Users\user\AppData\Local\Programs\Python\Python37;C:\Program Files\Docker\Docker\resources\bin;C:\ProgramData\chocolatey\bin;C:\Users\user\AppData\Local\Programs\Python\Python37\Scripts;C:\Program Files\CUDNN_DEPEN\zlib123dllx64\dll_x64;C:\Program Files\NVIDIA Corporation\CUDNN;C:\Program Files (x86)\GnuPG\bin;C:\Program Files (x86)\Paragon Software\LinuxFS for Windows;C:\Program Files (x86)\Yarn\bin;C:\Users\user\.cargo\bin;C:\Users\user\AppData\Local\Programs\Python\Python37\Scripts;C:\Users\user\AppData\Local\Programs\Python\Python37;C:\Users\user\AppData\Local\Microsoft\WindowsApps;C:\Users\user\AppData\Local\atom\bin;C:\Users\user\.dotnet\tools;C:\Users\user\AppData\Local\Programs\Microsoft VS Code\bin;C:\Users\user\AppData\Roaming\npm;C:\Users\user\IntelliJ IDEA Community Edition 2022.2.3\bin;C:\Program Files\CUDNN_DEPEN\zlib123dllx64\dll_x64;C:\Program Files\NVIDIA GPU Computing Toolkit\CUDNN\bin;C:\Program Files\protoc2122\bin;C:\Program Files\msys64;C:\Program Files\External\ffmpeg-5.1.2-essentials_build\bin;C:\Users\user\AppData\Local\Yarn\bin
PROCESSOR_ARCHITECTURE=x86
PS1=\[\033]0;$TITLEPREFIX:$PWD\007\]\n\[\033[32m\]\u@\h \[\033[33m\]\w\[\033[36m\]`__git_ps1`\[\033[0m\]\n$ 
OS=Windows_NT
TEMP=C:\Users\user\AppData\Local\Temp
MINGW_CHOST=x86_64-w64-mingw32
_=C:/Program Files/Git/mingw64/bin/git-credential-manager-core.exe
ALLUSERSPROFILE=C:\ProgramData


------------
Diagnostic: File system
Skipped: False
Success: True
Exception: None
Log:
Temporary directory is 'C:\Users\user\AppData\Local\Temp\'...
Checking basic file I/O...
Writing to temporary file 'C:\Users\user\AppData\Local\Temp\ae72441eae607c1cd25eac1a'... OK
Reading from temporary file 'C:\Users\user\AppData\Local\Temp\ae72441eae607c1cd25eac1a'... OK
Deleting temporary file 'C:\Users\user\AppData\Local\Temp\ae72441eae607c1cd25eac1a'... OK
Testing IFileSystem instance...
UserHomePath: C:\Users\user
UserDataDirectoryPath: C:\Users\user\.gcm
GetCurrentDirectory(): D:\Documents\IVE\MTR-IET

------------
Diagnostic: Networking
Skipped: False
Success: True
Exception: None
Log:
Checking basic networking and HTTP stack...
Creating HTTP client... OK
IsNetworkAvailable: True
Sending HEAD request to http://example.com... OK
Sending HEAD request to https://example.com... OK
Acquiring free TCP port... OK
Testing local HTTP loopback connections...
Creating new HTTP listener for http://localhost:5658/... OK
Waiting for loopback connection... OK
Writing response... OK
Waiting for response data... OK
Loopback connection data OK
Testing with IHttpClientFactory created HTTP client...
Creating HTTP client... OK
IsNetworkAvailable: True
Sending HEAD request to http://example.com... OK
Sending HEAD request to https://example.com... OK
Acquiring free TCP port... OK
Testing local HTTP loopback connections...
Creating new HTTP listener for http://localhost:5660/... OK
Waiting for loopback connection... OK
Writing response... OK
Waiting for response data... OK
Loopback connection data OK

------------
Diagnostic: Git
Skipped: False
Success: True
Exception: None
Log:
Getting Git version... OK
Git version is '2.37.2.windows.2'
Locating current repository... OK
Git repository at 'D:/Documents/IVE/MTR-IET/.git'
Listing all Git configuration... OK
Git configuration:
file:C:/Program Files/Git/etc/gitconfig	diff.astextplain.textconv=astextplain
file:C:/Program Files/Git/etc/gitconfig	filter.lfs.clean=git-lfs clean -- %f
file:C:/Program Files/Git/etc/gitconfig	filter.lfs.smudge=git-lfs smudge -- %f
file:C:/Program Files/Git/etc/gitconfig	filter.lfs.process=git-lfs filter-process
file:C:/Program Files/Git/etc/gitconfig	filter.lfs.required=true
file:C:/Program Files/Git/etc/gitconfig	http.sslbackend=openssl
file:C:/Program Files/Git/etc/gitconfig	http.sslcainfo=C:/Program Files/Git/mingw64/ssl/certs/ca-bundle.crt
file:C:/Program Files/Git/etc/gitconfig	core.autocrlf=true
file:C:/Program Files/Git/etc/gitconfig	core.fscache=true
file:C:/Program Files/Git/etc/gitconfig	core.symlinks=false
file:C:/Program Files/Git/etc/gitconfig	pull.rebase=false
file:C:/Program Files/Git/etc/gitconfig	credential.helper=manager-core
file:C:/Program Files/Git/etc/gitconfig	credential.https://dev.azure.com.usehttppath=true
file:C:/Program Files/Git/etc/gitconfig	init.defaultbranch=master
file:C:/Users/user/.gitconfig	user.email=pcpgsk@gmail.com
file:C:/Users/user/.gitconfig	user.name=Pacarius
file:C:/Users/user/.gitconfig	core.editor=nano
file:.git/config	core.repositoryformatversion=0
file:.git/config	core.filemode=false
file:.git/config	core.bare=false
file:.git/config	core.logallrefupdates=true
file:.git/config	core.symlinks=false
file:.git/config	core.ignorecase=true
file:.git/config	remote.origin.url=https://github.com/AbyssalEidolon/MTR_IET
file:.git/config	remote.origin.fetch=+refs/heads/*:refs/remotes/origin/*
file:.git/config	branch.main.remote=origin
file:.git/config	branch.main.merge=refs/heads/main
file:.git/config	branch.UI_scene.remote=origin
file:.git/config	branch.UI_scene.merge=refs/heads/UI_scene
file:.git/config	branch.WireCuttingSceneRework.remote=origin
file:.git/config	branch.WireCuttingSceneRework.merge=refs/heads/WireCuttingSceneRework
file:.git/config	branch.WireBending.remote=origin
file:.git/config	branch.WireBending.merge=refs/heads/WireBending
file:.git/config	branch.GripPhysics.remote=origin
file:.git/config	branch.GripPhysics.merge=refs/heads/GripPhysics
file:.git/config	gui.wmstate=normal
file:.git/config	gui.geometry=818x435+130+130 175 196


------------
Diagnostic: Credential storage
Skipped: False
Success: True
Exception: None
Log:
ICredentialStore instance is of type: CredentialStore
Writing test credential... OK
Reading test credential... OK
Deleting test credential... OK

------------
Diagnostic: Microsoft authentication (AAD/MSA)
Skipped: False
Success: True
Exception: None
Log:
Broker not supported.
Flow type is: Auto
Gathering MSAL token cache data... OK
CacheDirectory: C:\Users\user\AppData\Local\.IdentityService
CacheFileName: msal.cache
CacheFilePath: C:\Users\user\AppData\Local\.IdentityService\msal.cache
Creating cache helper... OK
Verifying MSAL token cache persistence... OK

------------
Diagnostic: GitHub API
Skipped: False
Success: True
Exception: None
Log:
Using 'https://github.com/' as API target.
Querying '/meta' endpoint... OK

