Using pre-set license
Built from '2021.3/release' branch; Version is '2021.3.27f1 (ca3ffb99bcc6) revision 13254651'; Using compiler version '192829333'; Build Type 'Release'
OS: 'Windows 10  (10.0.19044) 64bit EnterpriseS' Language: 'en' Physical Memory: 130777 MB
BatchMode: 1, IsHumanControllingUs: 0, StartBugReporterOnCrash: 0, Is64bit: 1, IsPro: 1

COMMAND LINE ARGUMENTS:
C:\Program Files\Unity\Hub\Editor\2021.3.27f1\Editor\Unity.exe
-adb2
-batchMode
-noUpm
-name
AssetImportWorker3
-projectPath
E:/MRTKTest/MRTKTest
-logFile
Logs/AssetImportWorker3.log
-srvPort
64613
Successfully changed project path to: E:/MRTKTest/MRTKTest
E:/MRTKTest/MRTKTest
[UnityMemory] Configuration Parameters - Can be set up in boot.config
    "memorysetup-bucket-allocator-granularity=16"
    "memorysetup-bucket-allocator-bucket-count=8"
    "memorysetup-bucket-allocator-block-size=33554432"
    "memorysetup-bucket-allocator-block-count=8"
    "memorysetup-main-allocator-block-size=16777216"
    "memorysetup-thread-allocator-block-size=16777216"
    "memorysetup-gfx-main-allocator-block-size=16777216"
    "memorysetup-gfx-thread-allocator-block-size=16777216"
    "memorysetup-cache-allocator-block-size=4194304"
    "memorysetup-typetree-allocator-block-size=2097152"
    "memorysetup-profiler-bucket-allocator-granularity=16"
    "memorysetup-profiler-bucket-allocator-bucket-count=8"
    "memorysetup-profiler-bucket-allocator-block-size=33554432"
    "memorysetup-profiler-bucket-allocator-block-count=8"
    "memorysetup-profiler-allocator-block-size=16777216"
    "memorysetup-profiler-editor-allocator-block-size=1048576"
    "memorysetup-temp-allocator-size-main=16777216"
    "memorysetup-job-temp-allocator-block-size=2097152"
    "memorysetup-job-temp-allocator-block-size-background=1048576"
    "memorysetup-job-temp-allocator-reduction-small-platforms=262144"
    "memorysetup-temp-allocator-size-background-worker=32768"
    "memorysetup-temp-allocator-size-job-worker=262144"
    "memorysetup-temp-allocator-size-preload-manager=33554432"
    "memorysetup-temp-allocator-size-nav-mesh-worker=65536"
    "memorysetup-temp-allocator-size-audio-worker=65536"
    "memorysetup-temp-allocator-size-cloud-worker=32768"
    "memorysetup-temp-allocator-size-gi-baking-worker=262144"
    "memorysetup-temp-allocator-size-gfx=262144"
Player connection [19356] Host "[IP] 192.168.34.113 [Port] 0 [Flags] 2 [Guid] 250941414 [EditorId] 250941414 [Version] 1048832 [Id] WindowsEditor(7,ST-ENG-JADA-LUNG) [Debug] 1 [PackageName] WindowsEditor [ProjectName] Editor" joined multi-casting on [225.0.0.222:54997]...

Player connection [19356] Host "[IP] 192.168.34.113 [Port] 0 [Flags] 2 [Guid] 250941414 [EditorId] 250941414 [Version] 1048832 [Id] WindowsEditor(7,ST-ENG-JADA-LUNG) [Debug] 1 [PackageName] WindowsEditor [ProjectName] Editor" joined alternative multi-casting on [225.0.0.222:34997]...

Refreshing native plugins compatible for Editor in 211.24 ms, found 23 plugins.
Preloading 0 native plugins for Editor in 0.00 ms.
Initialize engine version: 2021.3.27f1 (ca3ffb99bcc6)
[Subsystems] Discovering subsystems at path C:/Program Files/Unity/Hub/Editor/2021.3.27f1/Editor/Data/Resources/UnitySubsystems
[Subsystems] Discovering subsystems at path E:/MRTKTest/MRTKTest/Assets
GfxDevice: creating device client; threaded=0; jobified=0
Direct3D:
    Version:  Direct3D 11.0 [level 11.1]
    Renderer: NVIDIA Quadro RTX 6000 (ID=0x1e30)
    Vendor:   NVIDIA
    VRAM:     24268 MB
    Driver:   31.0.15.3598
Initialize mono
Mono path[0] = 'C:/Program Files/Unity/Hub/Editor/2021.3.27f1/Editor/Data/Managed'
Mono path[1] = 'C:/Program Files/Unity/Hub/Editor/2021.3.27f1/Editor/Data/MonoBleedingEdge/lib/mono/unityjit-win32'
Mono config path = 'C:/Program Files/Unity/Hub/Editor/2021.3.27f1/Editor/Data/MonoBleedingEdge/etc'
Using monoOptions --debugger-agent=transport=dt_socket,embedding=1,server=y,suspend=n,address=127.0.0.1:56664
Begin MonoManager ReloadAssembly
Registering precompiled unity dll's ...
Register platform support module: C:/Program Files/Unity/Hub/Editor/2021.3.27f1/Editor/Data/PlaybackEngines/WindowsStandaloneSupport/UnityEditor.WindowsStandalone.Extensions.dll
Register platform support module: C:/Program Files/Unity/Hub/Editor/2021.3.27f1/Editor/Data/PlaybackEngines/MetroSupport/UnityEditor.UWP.Extensions.dll
Registered in 0.009514 seconds.
Native extension for UWP target not found
Native extension for WindowsStandalone target not found
Refreshing native plugins compatible for Editor in 172.59 ms, found 23 plugins.
Preloading 0 native plugins for Editor in 0.00 ms.
Mono: successfully reloaded assembly
- Completed reload, in  0.875 seconds
Domain Reload Profiling:
	ReloadAssembly (876ms)
		BeginReloadAssembly (97ms)
			ExecutionOrderSort (0ms)
			DisableScriptedObjects (0ms)
			BackupInstance (0ms)
			ReleaseScriptingObjects (0ms)
			CreateAndSetChildDomain (1ms)
		EndReloadAssembly (643ms)
			LoadAssemblies (94ms)
			RebuildTransferFunctionScriptingTraits (0ms)
			SetupTypeCache (145ms)
			ReleaseScriptCaches (0ms)
			RebuildScriptCaches (36ms)
			SetupLoadedEditorAssemblies (385ms)
				LogAssemblyErrors (0ms)
				InitializePlatformSupportModulesInManaged (10ms)
				SetLoadedEditorAssemblies (0ms)
				RefreshPlugins (173ms)
				BeforeProcessingInitializeOnLoad (1ms)
				ProcessInitializeOnLoadAttributes (139ms)
				ProcessInitializeOnLoadMethodAttributes (62ms)
				AfterProcessingInitializeOnLoad (0ms)
				EditorAssembliesLoaded (0ms)
			ExecutionOrderSort2 (0ms)
			AwakeInstancesAfterBackupRestoration (0ms)
Platform modules already initialized, skipping
Registering precompiled user dll's ...
Registered in 0.014615 seconds.
Begin MonoManager ReloadAssembly
Symbol file LoadedFromMemory doesn't match image E:\MRTKTest\MRTKTest\Library\PackageCache\com.unity.visualscripting@1.8.0\Editor\VisualScripting.Core\Dependencies\DotNetZip\Unity.VisualScripting.IonicZip.dll
Symbol file LoadedFromMemory is not a mono symbol file
Symbol file LoadedFromMemory doesn't match image E:\MRTKTest\MRTKTest\Library\PackageCache\com.unity.visualscripting@1.8.0\Editor\VisualScripting.Core\Dependencies\YamlDotNet\Unity.VisualScripting.YamlDotNet.dll
Native extension for UWP target not found
Native extension for WindowsStandalone target not found
Refreshing native plugins compatible for Editor in 196.90 ms, found 23 plugins.
Preloading 0 native plugins for Editor in 0.00 ms.
Package Manager log level set to [2]
Mono: successfully reloaded assembly
- Completed reload, in  2.386 seconds
Domain Reload Profiling:
	ReloadAssembly (2387ms)
		BeginReloadAssembly (193ms)
			ExecutionOrderSort (0ms)
			DisableScriptedObjects (9ms)
			BackupInstance (0ms)
			ReleaseScriptingObjects (0ms)
			CreateAndSetChildDomain (38ms)
		EndReloadAssembly (2033ms)
			LoadAssemblies (158ms)
			RebuildTransferFunctionScriptingTraits (0ms)
			SetupTypeCache (496ms)
			ReleaseScriptCaches (1ms)
			RebuildScriptCaches (132ms)
			SetupLoadedEditorAssemblies (1188ms)
				LogAssemblyErrors (0ms)
				InitializePlatformSupportModulesInManaged (8ms)
				SetLoadedEditorAssemblies (0ms)
				RefreshPlugins (197ms)
				BeforeProcessingInitializeOnLoad (219ms)
				ProcessInitializeOnLoadAttributes (662ms)
				ProcessInitializeOnLoadMethodAttributes (88ms)
				AfterProcessingInitializeOnLoad (14ms)
				EditorAssembliesLoaded (0ms)
			ExecutionOrderSort2 (0ms)
			AwakeInstancesAfterBackupRestoration (8ms)
Platform modules already initialized, skipping
========================================================================
Worker process is ready to serve import requests
Launched and connected shader compiler UnityShaderCompiler.exe after 0.06 seconds
Refreshing native plugins compatible for Editor in 3.76 ms, found 23 plugins.
Preloading 0 native plugins for Editor in 0.00 ms.
Unloading 5726 Unused Serialized files (Serialized files now loaded: 0)
Unloading 107 unused Assets / (49.8 KB). Loaded Objects now: 6153.
Memory consumption went from 201.2 MB to 201.2 MB.
Total: 10.277700 ms (FindLiveObjects: 0.800100 ms CreateObjectMapping: 0.806800 ms MarkObjects: 8.441000 ms  DeleteObjects: 0.228000 ms)

AssetImportParameters requested are different than current active one (requested -> active):
  custom:video-decoder-ogg-theora: a1e56fd34408186e4bbccfd4996cb3dc -> 
  custom:container-muxer-webm: aa71ff27fc2769a1b78a27578f13a17b -> 
  custom:container-demuxer-webm: 4f35f7cbe854078d1ac9338744f61a02 -> 
  custom:video-encoder-webm-vp8: eb34c28f22e8b96e1ab97ce403110664 -> 
  custom:audio-encoder-webm-vorbis: bf7c407c2cedff20999df2af8eb42d56 -> 
  custom:framework-win-MediaFoundation: 216162199b28c13a410421893ffa2e32 -> 
  custom:container-demuxer-ogg: 62fdf1f143b41e24485cea50d1cbac27 -> 
  custom:video-decoder-webm-vp8: 9c59270c3fd7afecdb556c50c9e8de78 -> 
  custom:audio-decoder-ogg-vorbis: bf7c407c2cedff20999df2af8eb42d56 -> 
========================================================================
Received Import Request.
  Time since last request: 15827.639233 seconds.
  path: Assets/MRTK+/Samples/Mixed Reality Toolkit Examples/2.8.3/Demos - ScrollingObjectCollection/Materials/HolographicBackPlateNoBorder_Light_Blue.mat
  artifactKey: Guid(c0e93915e1830654bbe2550ab932521a) Importer(815301076,1909f56bfc062723c751e8b465ee728b)
Start importing Assets/MRTK+/Samples/Mixed Reality Toolkit Examples/2.8.3/Demos - ScrollingObjectCollection/Materials/HolographicBackPlateNoBorder_Light_Blue.mat using Guid(c0e93915e1830654bbe2550ab932521a) Importer(815301076,1909f56bfc062723c751e8b465ee728b)  -> (artifact id: '0503736dadc15bd37b2b4ef6eb144d81') in 0.312856 seconds 
========================================================================
Received Import Request.
  Time since last request: 0.000049 seconds.
  path: Assets/MRTK+/Samples/Mixed Reality Toolkit Examples/2.8.3/Experimental - HandMenuLayout/Materials/HandMenu_AppButton_Backplate_Purple.mat
  artifactKey: Guid(5ee2be8b1cb8f124fb9da6c8a8f3a2f3) Importer(815301076,1909f56bfc062723c751e8b465ee728b)
Start importing Assets/MRTK+/Samples/Mixed Reality Toolkit Examples/2.8.3/Experimental - HandMenuLayout/Materials/HandMenu_AppButton_Backplate_Purple.mat using Guid(5ee2be8b1cb8f124fb9da6c8a8f3a2f3) Importer(815301076,1909f56bfc062723c751e8b465ee728b)  -> (artifact id: '9840fbb41a75efb3e400c95e87299739') in 0.019255 seconds 
========================================================================
Received Import Request.
  Time since last request: 0.000049 seconds.
  path: Assets/MRTK+/Samples/Mixed Reality Toolkit Examples/2.8.3/Experimental - HandMenuLayout/Materials/HandMenu_Backplate_Circle.mat
  artifactKey: Guid(e5b19f436fa946c4cb83869ff5c08dd3) Importer(815301076,1909f56bfc062723c751e8b465ee728b)
Start importing Assets/MRTK+/Samples/Mixed Reality Toolkit Examples/2.8.3/Experimental - HandMenuLayout/Materials/HandMenu_Backplate_Circle.mat using Guid(e5b19f436fa946c4cb83869ff5c08dd3) Importer(815301076,1909f56bfc062723c751e8b465ee728b)  -> (artifact id: '6361d6306e32c2aea6f9223f3c7a3a5e') in 0.099394 seconds 
========================================================================
Received Prepare
Registering precompiled user dll's ...
Registered in 0.010772 seconds.
Begin MonoManager ReloadAssembly
Symbol file LoadedFromMemory doesn't match image E:\MRTKTest\MRTKTest\Library\PackageCache\com.unity.visualscripting@1.8.0\Editor\VisualScripting.Core\Dependencies\DotNetZip\Unity.VisualScripting.IonicZip.dll
Symbol file LoadedFromMemory is not a mono symbol file
Symbol file LoadedFromMemory doesn't match image E:\MRTKTest\MRTKTest\Library\PackageCache\com.unity.visualscripting@1.8.0\Editor\VisualScripting.Core\Dependencies\YamlDotNet\Unity.VisualScripting.YamlDotNet.dll
Native extension for UWP target not found
Native extension for WindowsStandalone target not found
Refreshing native plugins compatible for Editor in 2.12 ms, found 23 plugins.
Preloading 0 native plugins for Editor in 0.00 ms.
Mono: successfully reloaded assembly
- Completed reload, in  1.576 seconds
Domain Reload Profiling:
	ReloadAssembly (1577ms)
		BeginReloadAssembly (194ms)
			ExecutionOrderSort (0ms)
			DisableScriptedObjects (7ms)
			BackupInstance (0ms)
			ReleaseScriptingObjects (0ms)
			CreateAndSetChildDomain (67ms)
		EndReloadAssembly (1244ms)
			LoadAssemblies (126ms)
			RebuildTransferFunctionScriptingTraits (0ms)
			SetupTypeCache (411ms)
			ReleaseScriptCaches (2ms)
			RebuildScriptCaches (60ms)
			SetupLoadedEditorAssemblies (556ms)
				LogAssemblyErrors (0ms)
				InitializePlatformSupportModulesInManaged (8ms)
				SetLoadedEditorAssemblies (1ms)
				RefreshPlugins (2ms)
				BeforeProcessingInitializeOnLoad (118ms)
				ProcessInitializeOnLoadAttributes (363ms)
				ProcessInitializeOnLoadMethodAttributes (56ms)
				AfterProcessingInitializeOnLoad (9ms)
				EditorAssembliesLoaded (0ms)
			ExecutionOrderSort2 (0ms)
			AwakeInstancesAfterBackupRestoration (11ms)
Platform modules already initialized, skipping
Refreshing native plugins compatible for Editor in 14.59 ms, found 23 plugins.
Preloading 0 native plugins for Editor in 0.00 ms.
Unloading 5668 Unused Serialized files (Serialized files now loaded: 0)
Unloading 97 unused Assets / (25.0 KB). Loaded Objects now: 6198.
Memory consumption went from 201.5 MB to 201.5 MB.
Total: 5.107100 ms (FindLiveObjects: 0.633900 ms CreateObjectMapping: 0.696600 ms MarkObjects: 3.719600 ms  DeleteObjects: 0.056100 ms)

AssetImportParameters requested are different than current active one (requested -> active):
  custom:video-decoder-ogg-theora: a1e56fd34408186e4bbccfd4996cb3dc -> 
  custom:container-muxer-webm: aa71ff27fc2769a1b78a27578f13a17b -> 
  custom:container-demuxer-webm: 4f35f7cbe854078d1ac9338744f61a02 -> 
  custom:video-encoder-webm-vp8: eb34c28f22e8b96e1ab97ce403110664 -> 
  custom:audio-encoder-webm-vorbis: bf7c407c2cedff20999df2af8eb42d56 -> 
  custom:framework-win-MediaFoundation: 216162199b28c13a410421893ffa2e32 -> 
  custom:container-demuxer-ogg: 62fdf1f143b41e24485cea50d1cbac27 -> 
  custom:video-decoder-webm-vp8: 9c59270c3fd7afecdb556c50c9e8de78 -> 
  custom:audio-decoder-ogg-vorbis: bf7c407c2cedff20999df2af8eb42d56 -> 
========================================================================
Received Import Request.
  Time since last request: 518.421911 seconds.
  path: Assets/MRTK+/Samples/Mixed Reality Toolkit Examples/2.8.3/Demos - EyeTracking/General/Materials/mat_buttonfeedback.mat
  artifactKey: Guid(30eb0396bc085c54c8ef1dedf1544107) Importer(815301076,1909f56bfc062723c751e8b465ee728b)
Start importing Assets/MRTK+/Samples/Mixed Reality Toolkit Examples/2.8.3/Demos - EyeTracking/General/Materials/mat_buttonfeedback.mat using Guid(30eb0396bc085c54c8ef1dedf1544107) Importer(815301076,1909f56bfc062723c751e8b465ee728b)  -> (artifact id: 'fa5fdbbb220c4548906eb129b0e4dc1e') in 0.224244 seconds 
========================================================================
Received Import Request.
  Time since last request: 0.000043 seconds.
  path: Assets/MRTK+/Samples/Mixed Reality Toolkit Examples/2.8.3/Demos - EyeTracking/General/Materials/mat_dwellfeedback_inner.mat
  artifactKey: Guid(d08d642be1ef7b1439c68ebc04be5016) Importer(815301076,1909f56bfc062723c751e8b465ee728b)
Start importing Assets/MRTK+/Samples/Mixed Reality Toolkit Examples/2.8.3/Demos - EyeTracking/General/Materials/mat_dwellfeedback_inner.mat using Guid(d08d642be1ef7b1439c68ebc04be5016) Importer(815301076,1909f56bfc062723c751e8b465ee728b)  -> (artifact id: '707ae77516a41fef8ceb4d52eae7396f') in 0.082902 seconds 
========================================================================
Received Import Request.
  Time since last request: 0.000062 seconds.
  path: Assets/MRTK+/Samples/Mixed Reality Toolkit Examples/2.8.3/Demos - EyeTracking/General/Materials/mat_dwellfeedback_border2.mat
  artifactKey: Guid(21676be9f95b1944ba2fd39a8b8ab496) Importer(815301076,1909f56bfc062723c751e8b465ee728b)
Start importing Assets/MRTK+/Samples/Mixed Reality Toolkit Examples/2.8.3/Demos - EyeTracking/General/Materials/mat_dwellfeedback_border2.mat using Guid(21676be9f95b1944ba2fd39a8b8ab496) Importer(815301076,1909f56bfc062723c751e8b465ee728b)  -> (artifact id: '117cd494c06b1ea5ca357a400c78d15e') in 0.027126 seconds 
========================================================================
Received Import Request.
  Time since last request: 0.000033 seconds.
  path: Assets/MRTK+/Samples/Mixed Reality Toolkit Examples/2.8.3/Demos - EyeTracking/General/Materials/mat_dwellfeedback_main.mat
  artifactKey: Guid(70d25c24ecbc5214fa1b650a45678208) Importer(815301076,1909f56bfc062723c751e8b465ee728b)
Start importing Assets/MRTK+/Samples/Mixed Reality Toolkit Examples/2.8.3/Demos - EyeTracking/General/Materials/mat_dwellfeedback_main.mat using Guid(70d25c24ecbc5214fa1b650a45678208) Importer(815301076,1909f56bfc062723c751e8b465ee728b)  -> (artifact id: 'c87fd6d57c1c6fa3eeb691c1c7b1f72a') in 0.073424 seconds 
Editor requested this worker to shutdown with reason: Scaling down because of idle timeout
AssetImportWorker is now disconnected from the server
Process exiting
Exiting without the bug reporter. Application will terminate with return code 0