Using pre-set license
Built from '2021.3/release' branch; Version is '2021.3.27f1 (ca3ffb99bcc6) revision 13254651'; Using compiler version '192829333'; Build Type 'Release'
OS: 'Windows 10  (10.0.19044) 64bit EnterpriseS' Language: 'en' Physical Memory: 130777 MB
BatchMode: 1, IsHumanControllingUs: 0, StartBugReporterOnCrash: 0, Is64bit: 1, IsPro: 1

COMMAND LINE ARGUMENTS:
C:\Program Files\Unity\Hub\Editor\2021.3.27f1\Editor\Unity.exe
-adb2
-batchMode
-noUpm
-name
AssetImportWorker3
-projectPath
E:/MRTKTest/MRTKTest
-logFile
Logs/AssetImportWorker3.log
-srvPort
56365
Successfully changed project path to: E:/MRTKTest/MRTKTest
E:/MRTKTest/MRTKTest
[UnityMemory] Configuration Parameters - Can be set up in boot.config
    "memorysetup-bucket-allocator-granularity=16"
    "memorysetup-bucket-allocator-bucket-count=8"
    "memorysetup-bucket-allocator-block-size=33554432"
    "memorysetup-bucket-allocator-block-count=8"
    "memorysetup-main-allocator-block-size=16777216"
    "memorysetup-thread-allocator-block-size=16777216"
    "memorysetup-gfx-main-allocator-block-size=16777216"
    "memorysetup-gfx-thread-allocator-block-size=16777216"
    "memorysetup-cache-allocator-block-size=4194304"
    "memorysetup-typetree-allocator-block-size=2097152"
    "memorysetup-profiler-bucket-allocator-granularity=16"
    "memorysetup-profiler-bucket-allocator-bucket-count=8"
    "memorysetup-profiler-bucket-allocator-block-size=33554432"
    "memorysetup-profiler-bucket-allocator-block-count=8"
    "memorysetup-profiler-allocator-block-size=16777216"
    "memorysetup-profiler-editor-allocator-block-size=1048576"
    "memorysetup-temp-allocator-size-main=16777216"
    "memorysetup-job-temp-allocator-block-size=2097152"
    "memorysetup-job-temp-allocator-block-size-background=1048576"
    "memorysetup-job-temp-allocator-reduction-small-platforms=262144"
    "memorysetup-temp-allocator-size-background-worker=32768"
    "memorysetup-temp-allocator-size-job-worker=262144"
    "memorysetup-temp-allocator-size-preload-manager=33554432"
    "memorysetup-temp-allocator-size-nav-mesh-worker=65536"
    "memorysetup-temp-allocator-size-audio-worker=65536"
    "memorysetup-temp-allocator-size-cloud-worker=32768"
    "memorysetup-temp-allocator-size-gi-baking-worker=262144"
    "memorysetup-temp-allocator-size-gfx=262144"
Player connection [16472] Host "[IP] 192.168.34.113 [Port] 0 [Flags] 2 [Guid] 1144053322 [EditorId] 1144053322 [Version] 1048832 [Id] WindowsEditor(7,ST-ENG-JADA-LUNG) [Debug] 1 [PackageName] WindowsEditor [ProjectName] Editor" joined multi-casting on [225.0.0.222:54997]...

Player connection [16472] Host "[IP] 192.168.34.113 [Port] 0 [Flags] 2 [Guid] 1144053322 [EditorId] 1144053322 [Version] 1048832 [Id] WindowsEditor(7,ST-ENG-JADA-LUNG) [Debug] 1 [PackageName] WindowsEditor [ProjectName] Editor" joined alternative multi-casting on [225.0.0.222:34997]...

Refreshing native plugins compatible for Editor in 288.14 ms, found 23 plugins.
Preloading 0 native plugins for Editor in 0.00 ms.
Initialize engine version: 2021.3.27f1 (ca3ffb99bcc6)
[Subsystems] Discovering subsystems at path C:/Program Files/Unity/Hub/Editor/2021.3.27f1/Editor/Data/Resources/UnitySubsystems
[Subsystems] Discovering subsystems at path E:/MRTKTest/MRTKTest/Assets
GfxDevice: creating device client; threaded=0; jobified=0
Direct3D:
    Version:  Direct3D 11.0 [level 11.1]
    Renderer: NVIDIA Quadro RTX 6000 (ID=0x1e30)
    Vendor:   NVIDIA
    VRAM:     24268 MB
    Driver:   31.0.15.3598
Initialize mono
Mono path[0] = 'C:/Program Files/Unity/Hub/Editor/2021.3.27f1/Editor/Data/Managed'
Mono path[1] = 'C:/Program Files/Unity/Hub/Editor/2021.3.27f1/Editor/Data/MonoBleedingEdge/lib/mono/unityjit-win32'
Mono config path = 'C:/Program Files/Unity/Hub/Editor/2021.3.27f1/Editor/Data/MonoBleedingEdge/etc'
Using monoOptions --debugger-agent=transport=dt_socket,embedding=1,server=y,suspend=n,address=127.0.0.1:56748
Begin MonoManager ReloadAssembly
Registering precompiled unity dll's ...
Register platform support module: C:/Program Files/Unity/Hub/Editor/2021.3.27f1/Editor/Data/PlaybackEngines/WindowsStandaloneSupport/UnityEditor.WindowsStandalone.Extensions.dll
Register platform support module: C:/Program Files/Unity/Hub/Editor/2021.3.27f1/Editor/Data/PlaybackEngines/MetroSupport/UnityEditor.UWP.Extensions.dll
Registered in 0.013505 seconds.
Native extension for UWP target not found
Native extension for WindowsStandalone target not found
Refreshing native plugins compatible for Editor in 291.94 ms, found 23 plugins.
Preloading 0 native plugins for Editor in 0.00 ms.
Mono: successfully reloaded assembly
- Completed reload, in  1.372 seconds
Domain Reload Profiling:
	ReloadAssembly (1373ms)
		BeginReloadAssembly (160ms)
			ExecutionOrderSort (0ms)
			DisableScriptedObjects (0ms)
			BackupInstance (0ms)
			ReleaseScriptingObjects (0ms)
			CreateAndSetChildDomain (1ms)
		EndReloadAssembly (1000ms)
			LoadAssemblies (156ms)
			RebuildTransferFunctionScriptingTraits (0ms)
			SetupTypeCache (206ms)
			ReleaseScriptCaches (0ms)
			RebuildScriptCaches (53ms)
			SetupLoadedEditorAssemblies (640ms)
				LogAssemblyErrors (0ms)
				InitializePlatformSupportModulesInManaged (17ms)
				SetLoadedEditorAssemblies (0ms)
				RefreshPlugins (292ms)
				BeforeProcessingInitializeOnLoad (1ms)
				ProcessInitializeOnLoadAttributes (232ms)
				ProcessInitializeOnLoadMethodAttributes (98ms)
				AfterProcessingInitializeOnLoad (0ms)
				EditorAssembliesLoaded (0ms)
			ExecutionOrderSort2 (0ms)
			AwakeInstancesAfterBackupRestoration (0ms)
Platform modules already initialized, skipping
Registering precompiled user dll's ...
Registered in 0.015150 seconds.
Begin MonoManager ReloadAssembly
Symbol file LoadedFromMemory doesn't match image E:\MRTKTest\MRTKTest\Library\PackageCache\com.unity.visualscripting@1.8.0\Editor\VisualScripting.Core\Dependencies\DotNetZip\Unity.VisualScripting.IonicZip.dll
Symbol file LoadedFromMemory is not a mono symbol file
Symbol file LoadedFromMemory doesn't match image E:\MRTKTest\MRTKTest\Library\PackageCache\com.unity.visualscripting@1.8.0\Editor\VisualScripting.Core\Dependencies\YamlDotNet\Unity.VisualScripting.YamlDotNet.dll
Native extension for UWP target not found
Native extension for WindowsStandalone target not found
Refreshing native plugins compatible for Editor in 230.92 ms, found 23 plugins.
Preloading 0 native plugins for Editor in 0.00 ms.
Package Manager log level set to [2]
Mono: successfully reloaded assembly
- Completed reload, in  2.952 seconds
Domain Reload Profiling:
	ReloadAssembly (2953ms)
		BeginReloadAssembly (215ms)
			ExecutionOrderSort (0ms)
			DisableScriptedObjects (12ms)
			BackupInstance (0ms)
			ReleaseScriptingObjects (0ms)
			CreateAndSetChildDomain (36ms)
		EndReloadAssembly (2553ms)
			LoadAssemblies (170ms)
			RebuildTransferFunctionScriptingTraits (0ms)
			SetupTypeCache (687ms)
			ReleaseScriptCaches (2ms)
			RebuildScriptCaches (240ms)
			SetupLoadedEditorAssemblies (1331ms)
				LogAssemblyErrors (0ms)
				InitializePlatformSupportModulesInManaged (16ms)
				SetLoadedEditorAssemblies (0ms)
				RefreshPlugins (231ms)
				BeforeProcessingInitializeOnLoad (239ms)
				ProcessInitializeOnLoadAttributes (734ms)
				ProcessInitializeOnLoadMethodAttributes (100ms)
				AfterProcessingInitializeOnLoad (10ms)
				EditorAssembliesLoaded (0ms)
			ExecutionOrderSort2 (0ms)
			AwakeInstancesAfterBackupRestoration (10ms)
Platform modules already initialized, skipping
========================================================================
Worker process is ready to serve import requests
Launched and connected shader compiler UnityShaderCompiler.exe after 0.04 seconds
Refreshing native plugins compatible for Editor in 3.37 ms, found 23 plugins.
Preloading 0 native plugins for Editor in 0.00 ms.
Unloading 5728 Unused Serialized files (Serialized files now loaded: 0)
Unloading 107 unused Assets / (49.8 KB). Loaded Objects now: 6155.
Memory consumption went from 201.4 MB to 201.4 MB.
Total: 6.728400 ms (FindLiveObjects: 0.662800 ms CreateObjectMapping: 0.619100 ms MarkObjects: 5.279300 ms  DeleteObjects: 0.165300 ms)

AssetImportParameters requested are different than current active one (requested -> active):
  custom:video-decoder-ogg-theora: a1e56fd34408186e4bbccfd4996cb3dc -> 
  custom:container-muxer-webm: aa71ff27fc2769a1b78a27578f13a17b -> 
  custom:container-demuxer-webm: 4f35f7cbe854078d1ac9338744f61a02 -> 
  custom:video-encoder-webm-vp8: eb34c28f22e8b96e1ab97ce403110664 -> 
  custom:audio-encoder-webm-vorbis: bf7c407c2cedff20999df2af8eb42d56 -> 
  custom:framework-win-MediaFoundation: 216162199b28c13a410421893ffa2e32 -> 
  custom:container-demuxer-ogg: 62fdf1f143b41e24485cea50d1cbac27 -> 
  custom:video-decoder-webm-vp8: 9c59270c3fd7afecdb556c50c9e8de78 -> 
  custom:audio-decoder-ogg-vorbis: bf7c407c2cedff20999df2af8eb42d56 -> 
========================================================================
Received Import Request.
  Time since last request: 74978.226724 seconds.
  path: Assets/MRTK+/Samples/Mixed Reality Toolkit Examples/2.8.3/Demos - EyeTracking/DemoTargetPositioning/Prefabs/EyeTrackingDemoSliderHorizontal.prefab
  artifactKey: Guid(71b8b2acb3a8f344abf91c2b102b0d74) Importer(2089858483,0ecaa5967403d082aa24f35e1b516d23)
Start importing Assets/MRTK+/Samples/Mixed Reality Toolkit Examples/2.8.3/Demos - EyeTracking/DemoTargetPositioning/Prefabs/EyeTrackingDemoSliderHorizontal.prefab using Guid(71b8b2acb3a8f344abf91c2b102b0d74) Importer(2089858483,0ecaa5967403d082aa24f35e1b516d23) Generated GUIDs only implemented for interfaces!
 -> (artifact id: '0c2db703903861a2f8620abbbe4d5786') in 0.291285 seconds 
========================================================================
Received Import Request.
  Time since last request: 0.000043 seconds.
  path: Assets/MRTK+/Samples/Mixed Reality Toolkit Examples/2.8.3/Demos - EyeTracking/DemoTargetSelections/Scripts/TargetGroupIterator.cs
  artifactKey: Guid(36b713bbc7d01dd42a2bdd3e201d15cf) Importer(2089858483,0ecaa5967403d082aa24f35e1b516d23)
Start importing Assets/MRTK+/Samples/Mixed Reality Toolkit Examples/2.8.3/Demos - EyeTracking/DemoTargetSelections/Scripts/TargetGroupIterator.cs using Guid(36b713bbc7d01dd42a2bdd3e201d15cf) Importer(2089858483,0ecaa5967403d082aa24f35e1b516d23) Generated GUIDs only implemented for interfaces!
 -> (artifact id: 'aa4104c305d65bf9d73b937531deffa0') in 0.013863 seconds 
========================================================================
Received Import Request.
  Time since last request: 0.000046 seconds.
  path: Assets/MRTK+/Samples/Mixed Reality Toolkit Examples/2.8.3/Demos - EyeTracking/General/Audio/sound_Confirmation.wav
  artifactKey: Guid(9c496bada7bf21e4eb17d275b19f4b25) Importer(2089858483,0ecaa5967403d082aa24f35e1b516d23)
Start importing Assets/MRTK+/Samples/Mixed Reality Toolkit Examples/2.8.3/Demos - EyeTracking/General/Audio/sound_Confirmation.wav using Guid(9c496bada7bf21e4eb17d275b19f4b25) Importer(2089858483,0ecaa5967403d082aa24f35e1b516d23) Generated GUIDs only implemented for interfaces!
 -> (artifact id: '7877fb7c9b5bb0004c07ccfe3b39d68c') in 0.091165 seconds 
========================================================================
Received Import Request.
  Time since last request: 0.000031 seconds.
  path: Assets/MRTK+/Samples/Mixed Reality Toolkit Examples/2.8.3/Demos - EyeTracking/General/Prefabs/EyeTrackingDemos ManagerComponents.prefab
  artifactKey: Guid(fda837e43ea42874b8a9941a5968b1d1) Importer(2089858483,0ecaa5967403d082aa24f35e1b516d23)
Start importing Assets/MRTK+/Samples/Mixed Reality Toolkit Examples/2.8.3/Demos - EyeTracking/General/Prefabs/EyeTrackingDemos ManagerComponents.prefab using Guid(fda837e43ea42874b8a9941a5968b1d1) Importer(2089858483,0ecaa5967403d082aa24f35e1b516d23) Generated GUIDs only implemented for interfaces!
 -> (artifact id: '4270b4bfc0f9dbfa144b2e872a018bf6') in 0.430041 seconds 
========================================================================
Received Import Request.
  Time since last request: 0.000041 seconds.
  path: Assets/MRTK+/Samples/Mixed Reality Toolkit Examples/2.8.3/Demos - EyeTracking/General/Prefabs/EyeTrackingDemos Notification.prefab
  artifactKey: Guid(b81ff345fab8e1e449e4b387889fc53c) Importer(2089858483,0ecaa5967403d082aa24f35e1b516d23)
Start importing Assets/MRTK+/Samples/Mixed Reality Toolkit Examples/2.8.3/Demos - EyeTracking/General/Prefabs/EyeTrackingDemos Notification.prefab using Guid(b81ff345fab8e1e449e4b387889fc53c) Importer(2089858483,0ecaa5967403d082aa24f35e1b516d23) Generated GUIDs only implemented for interfaces!
 -> (artifact id: '7619ec427e103a9f12c8b7649010573f') in 0.036955 seconds 
========================================================================
Received Import Request.
  Time since last request: 0.000046 seconds.
  path: Assets/MRTK+/Samples/Mixed Reality Toolkit Examples/2.8.3/Demos - EyeTracking/General/Scripts/AudioFeedbackPlayer.cs
  artifactKey: Guid(23aed474c92a05e46b66dd76f0bd6270) Importer(2089858483,0ecaa5967403d082aa24f35e1b516d23)
Start importing Assets/MRTK+/Samples/Mixed Reality Toolkit Examples/2.8.3/Demos - EyeTracking/General/Scripts/AudioFeedbackPlayer.cs using Guid(23aed474c92a05e46b66dd76f0bd6270) Importer(2089858483,0ecaa5967403d082aa24f35e1b516d23) Generated GUIDs only implemented for interfaces!
 -> (artifact id: '94ccb1757b44266888e9a55904cf9d76') in 0.012241 seconds 
========================================================================
Received Import Request.
  Time since last request: 0.000043 seconds.
  path: Assets/MRTK+/Samples/Mixed Reality Toolkit Examples/2.8.3/Demos - EyeTracking/General/Audio/sound_Success.wav
  artifactKey: Guid(570d5c84cf163914c8afdf35290ea64e) Importer(2089858483,0ecaa5967403d082aa24f35e1b516d23)
Start importing Assets/MRTK+/Samples/Mixed Reality Toolkit Examples/2.8.3/Demos - EyeTracking/General/Audio/sound_Success.wav using Guid(570d5c84cf163914c8afdf35290ea64e) Importer(2089858483,0ecaa5967403d082aa24f35e1b516d23) Generated GUIDs only implemented for interfaces!
 -> (artifact id: '4ec79b45c6b262ba0e5a30cea268d2fd') in 0.111433 seconds 
========================================================================
Received Import Request.
  Time since last request: 0.000032 seconds.
  path: Assets/MRTK+/Samples/Mixed Reality Toolkit Examples/2.8.3/Demos - EyeTracking/General/Scripts/Utils/KeepThisAlive.cs
  artifactKey: Guid(774d9dc9940177b4babc0d527f12da90) Importer(2089858483,0ecaa5967403d082aa24f35e1b516d23)
Start importing Assets/MRTK+/Samples/Mixed Reality Toolkit Examples/2.8.3/Demos - EyeTracking/General/Scripts/Utils/KeepThisAlive.cs using Guid(774d9dc9940177b4babc0d527f12da90) Importer(2089858483,0ecaa5967403d082aa24f35e1b516d23) Generated GUIDs only implemented for interfaces!
 -> (artifact id: 'bc1768b05132491da4151c584654f434') in 0.010911 seconds 
========================================================================
Received Import Request.
  Time since last request: 0.000032 seconds.
  path: Assets/MRTK+/Samples/Mixed Reality Toolkit Examples/2.8.3/Demos - EyeTracking/General/Audio/sound_HandTrackingLost.wav
  artifactKey: Guid(8f7f0c05bba74364797a5379fff83f38) Importer(2089858483,0ecaa5967403d082aa24f35e1b516d23)
Start importing Assets/MRTK+/Samples/Mixed Reality Toolkit Examples/2.8.3/Demos - EyeTracking/General/Audio/sound_HandTrackingLost.wav using Guid(8f7f0c05bba74364797a5379fff83f38) Importer(2089858483,0ecaa5967403d082aa24f35e1b516d23) Generated GUIDs only implemented for interfaces!
 -> (artifact id: '59d00a4214bc3de0c497851c4b3094a3') in 0.109227 seconds 
========================================================================
Received Import Request.
  Time since last request: 0.000032 seconds.
  path: Assets/MRTK+/Samples/Mixed Reality Toolkit Examples/2.8.3/Demos - EyeTracking/General/Textures/tex_circle_plain.psd
  artifactKey: Guid(1745b43e19a8d7541a42fc1eec63a4d6) Importer(2089858483,0ecaa5967403d082aa24f35e1b516d23)
Start importing Assets/MRTK+/Samples/Mixed Reality Toolkit Examples/2.8.3/Demos - EyeTracking/General/Textures/tex_circle_plain.psd using Guid(1745b43e19a8d7541a42fc1eec63a4d6) Importer(2089858483,0ecaa5967403d082aa24f35e1b516d23) Generated GUIDs only implemented for interfaces!
 -> (artifact id: 'f8bdda31ae81da73e6ba8bb0ca1b37ba') in 0.067131 seconds 
========================================================================
Received Import Request.
  Time since last request: 0.000038 seconds.
  path: Assets/MRTK+/Samples/Mixed Reality Toolkit Examples/2.8.3/Demos - Input/Scenes/InputData/InputDataExampleGizmo.cs
  artifactKey: Guid(3d49ddace2b7b3c4bb9e4ddb39ab6914) Importer(2089858483,0ecaa5967403d082aa24f35e1b516d23)
Start importing Assets/MRTK+/Samples/Mixed Reality Toolkit Examples/2.8.3/Demos - Input/Scenes/InputData/InputDataExampleGizmo.cs using Guid(3d49ddace2b7b3c4bb9e4ddb39ab6914) Importer(2089858483,0ecaa5967403d082aa24f35e1b516d23) Generated GUIDs only implemented for interfaces!
 -> (artifact id: '45d6753ad23223a8a749a1df8f01352a') in 0.009631 seconds 
========================================================================
Received Import Request.
  Time since last request: 0.000046 seconds.
  path: Assets/MRTK+/Samples/Mixed Reality Toolkit Examples/2.8.3/Demos - Input/Scenes/InputData/InputRaysFloor_Highlighted.mat
  artifactKey: Guid(3f37b7f7a8cd11249a3e29496b30b2c3) Importer(2089858483,0ecaa5967403d082aa24f35e1b516d23)
Start importing Assets/MRTK+/Samples/Mixed Reality Toolkit Examples/2.8.3/Demos - Input/Scenes/InputData/InputRaysFloor_Highlighted.mat using Guid(3f37b7f7a8cd11249a3e29496b30b2c3) Importer(2089858483,0ecaa5967403d082aa24f35e1b516d23) Generated GUIDs only implemented for interfaces!
 -> (artifact id: '5acbcbdcb0ea4a2a106b8cb027f6988c') in 0.051820 seconds 
========================================================================
Received Import Request.
  Time since last request: 0.000033 seconds.
  path: Assets/MRTK+/Samples/Mixed Reality Toolkit Examples/2.8.3/Demos - EyeTracking/DemoTargetSelections/Prefabs/TargetType (3).prefab
  artifactKey: Guid(8dc211d179882b34996e9bd071b3b61c) Importer(2089858483,0ecaa5967403d082aa24f35e1b516d23)
Start importing Assets/MRTK+/Samples/Mixed Reality Toolkit Examples/2.8.3/Demos - EyeTracking/DemoTargetSelections/Prefabs/TargetType (3).prefab using Guid(8dc211d179882b34996e9bd071b3b61c) Importer(2089858483,0ecaa5967403d082aa24f35e1b516d23) Generated GUIDs only implemented for interfaces!
 -> (artifact id: '6aa44651a49fce2cc2e8b227d699156d') in 0.055412 seconds 
========================================================================
Received Import Request.
  Time since last request: 0.000034 seconds.
  path: Assets/MRTK+/Samples/Mixed Reality Toolkit Examples/2.8.3/Demos - EyeTracking/DemoVisualizer/Materials/mat_hololens2_04.mat
  artifactKey: Guid(8c576a1bea3eb0f47ba6f48bae247ffe) Importer(2089858483,0ecaa5967403d082aa24f35e1b516d23)
Start importing Assets/MRTK+/Samples/Mixed Reality Toolkit Examples/2.8.3/Demos - EyeTracking/DemoVisualizer/Materials/mat_hololens2_04.mat using Guid(8c576a1bea3eb0f47ba6f48bae247ffe) Importer(2089858483,0ecaa5967403d082aa24f35e1b516d23) Generated GUIDs only implemented for interfaces!
 -> (artifact id: 'e3a1804f07577313e38ea8d9a73a23d3') in 0.114679 seconds 
========================================================================
Received Import Request.
  Time since last request: 0.000034 seconds.
  path: Assets/MRTK+/Samples/Mixed Reality Toolkit Examples/2.8.3/Demos - EyeTracking/DemoVisualizer/Prefabs/RecordButton.prefab
  artifactKey: Guid(231a4253eb1a74d4e87393459447cc95) Importer(2089858483,0ecaa5967403d082aa24f35e1b516d23)
Start importing Assets/MRTK+/Samples/Mixed Reality Toolkit Examples/2.8.3/Demos - EyeTracking/DemoVisualizer/Prefabs/RecordButton.prefab using Guid(231a4253eb1a74d4e87393459447cc95) Importer(2089858483,0ecaa5967403d082aa24f35e1b516d23) Generated GUIDs only implemented for interfaces!
 -> (artifact id: '411dacf859261cbd7566adc6ea78ab48') in 0.087991 seconds 
========================================================================
Received Import Request.
  Time since last request: 0.000047 seconds.
  path: Assets/MRTK+/Samples/Mixed Reality Toolkit Examples/2.8.3/Demos - EyeTracking/DemoTargetSelections/Scripts/TargetGroupCreatorRadial.cs
  artifactKey: Guid(9e05e4e2276e7164eb468cd1391873bb) Importer(2089858483,0ecaa5967403d082aa24f35e1b516d23)
Start importing Assets/MRTK+/Samples/Mixed Reality Toolkit Examples/2.8.3/Demos - EyeTracking/DemoTargetSelections/Scripts/TargetGroupCreatorRadial.cs using Guid(9e05e4e2276e7164eb468cd1391873bb) Importer(2089858483,0ecaa5967403d082aa24f35e1b516d23) Generated GUIDs only implemented for interfaces!
 -> (artifact id: '5fa8b4d98b968412145ed279d08c735c') in 0.006569 seconds 
========================================================================
Received Import Request.
  Time since last request: 0.000041 seconds.
  path: Assets/MRTK+/Samples/Mixed Reality Toolkit Examples/2.8.3/Demos - EyeTracking/General/Scripts/TargetBehaviors/FaceUser.cs
  artifactKey: Guid(ee03dd1e7aa3e184d8938246d30727a5) Importer(2089858483,0ecaa5967403d082aa24f35e1b516d23)
Start importing Assets/MRTK+/Samples/Mixed Reality Toolkit Examples/2.8.3/Demos - EyeTracking/General/Scripts/TargetBehaviors/FaceUser.cs using Guid(ee03dd1e7aa3e184d8938246d30727a5) Importer(2089858483,0ecaa5967403d082aa24f35e1b516d23) Generated GUIDs only implemented for interfaces!
 -> (artifact id: 'abd4fc696bf5f43690a0dcb5f15c1720') in 0.006910 seconds 
========================================================================
Received Import Request.
  Time since last request: 0.000032 seconds.
  path: Assets/MRTK+/Samples/Mixed Reality Toolkit Examples/2.8.3/Demos - EyeTracking/General/Prefabs/MixedRealityBasicSceneSetup.prefab
  artifactKey: Guid(d9db4fe4b37b2024ea85c888f8d74e12) Importer(2089858483,0ecaa5967403d082aa24f35e1b516d23)
Start importing Assets/MRTK+/Samples/Mixed Reality Toolkit Examples/2.8.3/Demos - EyeTracking/General/Prefabs/MixedRealityBasicSceneSetup.prefab using Guid(d9db4fe4b37b2024ea85c888f8d74e12) Importer(2089858483,0ecaa5967403d082aa24f35e1b516d23) Generated GUIDs only implemented for interfaces!
 -> (artifact id: '71879eb8322962c5a8a25045974eb099') in 0.025552 seconds 
========================================================================
Received Import Request.
  Time since last request: 0.000029 seconds.
  path: Assets/MRTK+/Samples/Mixed Reality Toolkit Examples/2.8.3/Demos - EyeTracking/DemoVisualizer/Textures/tex_picture2.jpg
  artifactKey: Guid(d06776b6c3e4d6e4bb275a957cd7ce9c) Importer(2089858483,0ecaa5967403d082aa24f35e1b516d23)
Start importing Assets/MRTK+/Samples/Mixed Reality Toolkit Examples/2.8.3/Demos - EyeTracking/DemoVisualizer/Textures/tex_picture2.jpg using Guid(d06776b6c3e4d6e4bb275a957cd7ce9c) Importer(2089858483,0ecaa5967403d082aa24f35e1b516d23) Generated GUIDs only implemented for interfaces!
 -> (artifact id: '7d3645f40d1cb4b5e0df456ff9bbd635') in 0.044683 seconds 
========================================================================
Received Import Request.
  Time since last request: 0.000030 seconds.
  path: Assets/MRTK+/Samples/Mixed Reality Toolkit Examples/2.8.3/Demos - EyeTracking/General/Scripts/TargetBehaviors/LoadAdditiveScene.cs
  artifactKey: Guid(84fe9b2a06f2be0419698407ab15c2f6) Importer(2089858483,0ecaa5967403d082aa24f35e1b516d23)
Start importing Assets/MRTK+/Samples/Mixed Reality Toolkit Examples/2.8.3/Demos - EyeTracking/General/Scripts/TargetBehaviors/LoadAdditiveScene.cs using Guid(84fe9b2a06f2be0419698407ab15c2f6) Importer(2089858483,0ecaa5967403d082aa24f35e1b516d23) Generated GUIDs only implemented for interfaces!
 -> (artifact id: 'd9946efca4e2d7bc524867afc4d32430') in 0.017081 seconds 
========================================================================
Received Import Request.
  Time since last request: 0.000032 seconds.
  path: Assets/MRTK+/Samples/Mixed Reality Toolkit Examples/2.8.3/Demos - EyeTracking/DemoTargetPositioning/Prefabs/EyeTrackingDemoSliderVertical.prefab
  artifactKey: Guid(1a4bbe24b109c6e4aa21a517ad27ba95) Importer(2089858483,0ecaa5967403d082aa24f35e1b516d23)
Start importing Assets/MRTK+/Samples/Mixed Reality Toolkit Examples/2.8.3/Demos - EyeTracking/DemoTargetPositioning/Prefabs/EyeTrackingDemoSliderVertical.prefab using Guid(1a4bbe24b109c6e4aa21a517ad27ba95) Importer(2089858483,0ecaa5967403d082aa24f35e1b516d23) Generated GUIDs only implemented for interfaces!
 -> (artifact id: '3465bd0fb925b72c67a93e8705d219f7') in 0.036512 seconds 
========================================================================
Received Import Request.
  Time since last request: 0.000035 seconds.
  path: Assets/MRTK+/Samples/Mixed Reality Toolkit Examples/2.8.3/Demos - EyeTracking/General/Scripts/TargetBehaviors/OnLookAtRotateByEyeGaze.cs
  artifactKey: Guid(e7c91864c2557ea448c8447c948dc1af) Importer(2089858483,0ecaa5967403d082aa24f35e1b516d23)
Start importing Assets/MRTK+/Samples/Mixed Reality Toolkit Examples/2.8.3/Demos - EyeTracking/General/Scripts/TargetBehaviors/OnLookAtRotateByEyeGaze.cs using Guid(e7c91864c2557ea448c8447c948dc1af) Importer(2089858483,0ecaa5967403d082aa24f35e1b516d23) Generated GUIDs only implemented for interfaces!
 -> (artifact id: '4309635626f6b8e7a495cd75a3910d57') in 0.011461 seconds 
========================================================================
Received Import Request.
  Time since last request: 0.000045 seconds.
  path: Assets/MRTK+/Samples/Mixed Reality Toolkit Examples/2.8.3/Demos - EyeTracking/General/Audio/sound_Fail.wav
  artifactKey: Guid(2826b03ccaa826a42af0e68bfd49d948) Importer(2089858483,0ecaa5967403d082aa24f35e1b516d23)
Start importing Assets/MRTK+/Samples/Mixed Reality Toolkit Examples/2.8.3/Demos - EyeTracking/General/Audio/sound_Fail.wav using Guid(2826b03ccaa826a42af0e68bfd49d948) Importer(2089858483,0ecaa5967403d082aa24f35e1b516d23) Generated GUIDs only implemented for interfaces!
 -> (artifact id: 'c4507f715cfbd639ae8ed2d53205a25d') in 0.061344 seconds 
========================================================================
Received Import Request.
  Time since last request: 0.000034 seconds.
  path: Assets/MRTK+/Samples/Mixed Reality Toolkit Examples/2.8.3/Demos - EyeTracking/DemoVisualizer/Materials/mat_emptyHeatmapMaterial.mat
  artifactKey: Guid(77001dbfe12ff9d49842cc39a1203f8b) Importer(2089858483,0ecaa5967403d082aa24f35e1b516d23)
Start importing Assets/MRTK+/Samples/Mixed Reality Toolkit Examples/2.8.3/Demos - EyeTracking/DemoVisualizer/Materials/mat_emptyHeatmapMaterial.mat using Guid(77001dbfe12ff9d49842cc39a1203f8b) Importer(2089858483,0ecaa5967403d082aa24f35e1b516d23) Generated GUIDs only implemented for interfaces!
 -> (artifact id: '89c8a58afc71c73be123045efc0b7fa4') in 0.034722 seconds 
========================================================================
Received Import Request.
  Time since last request: 0.000032 seconds.
  path: Assets/MRTK+/Samples/Mixed Reality Toolkit Examples/2.8.3/Demos - EyeTracking/DemoVisualizer/Materials/mat_SlateFrame.mat
  artifactKey: Guid(a1e5ee4073921ea46bf905f161b85cb0) Importer(2089858483,0ecaa5967403d082aa24f35e1b516d23)
Start importing Assets/MRTK+/Samples/Mixed Reality Toolkit Examples/2.8.3/Demos - EyeTracking/DemoVisualizer/Materials/mat_SlateFrame.mat using Guid(a1e5ee4073921ea46bf905f161b85cb0) Importer(2089858483,0ecaa5967403d082aa24f35e1b516d23) Generated GUIDs only implemented for interfaces!
 -> (artifact id: 'cc46c527d9ae766ff2ccf3b10147c4a3') in 0.025978 seconds 
========================================================================
Received Import Request.
  Time since last request: 0.000026 seconds.
  path: Assets/MRTK+/Samples/Mixed Reality Toolkit Examples/2.8.3/Demos - EyeTracking/DemoTargetSelections/Materials/mat_Bucky 1.mat
  artifactKey: Guid(c3c6e3b6f44a0654f97ad31c55a1bea7) Importer(2089858483,0ecaa5967403d082aa24f35e1b516d23)
Start importing Assets/MRTK+/Samples/Mixed Reality Toolkit Examples/2.8.3/Demos - EyeTracking/DemoTargetSelections/Materials/mat_Bucky 1.mat using Guid(c3c6e3b6f44a0654f97ad31c55a1bea7) Importer(2089858483,0ecaa5967403d082aa24f35e1b516d23) Generated GUIDs only implemented for interfaces!
 -> (artifact id: '22077ba8655e23483c0caf96e173ba2c') in 0.027397 seconds 
========================================================================
Received Import Request.
  Time since last request: 0.000070 seconds.
  path: Assets/Samples/Mixed Reality Toolkit Examples/2.8.3/Demos - UX/BoundsControl/Scenes/BoundsControlConfigs/CoffeeCupTranslateHandlesConfiguration.asset
  artifactKey: Guid(fe5a4765d0bf1eb4080d8383440eb2fb) Importer(2089858483,0ecaa5967403d082aa24f35e1b516d23)
Start importing Assets/Samples/Mixed Reality Toolkit Examples/2.8.3/Demos - UX/BoundsControl/Scenes/BoundsControlConfigs/CoffeeCupTranslateHandlesConfiguration.asset using Guid(fe5a4765d0bf1eb4080d8383440eb2fb) Importer(2089858483,0ecaa5967403d082aa24f35e1b516d23) Generated GUIDs only implemented for interfaces!
 -> (artifact id: '96c80a7a33a431413b05c06513b16355') in 0.047114 seconds 
========================================================================
Received Import Request.
  Time since last request: 0.000045 seconds.
  path: Assets/MRTK+/Samples/Mixed Reality Toolkit Examples/2.8.3/Demos - EyeTracking/DemoTargetSelections/Scripts/RotateWithConstSpeedDir.cs
  artifactKey: Guid(094a6cb9d3eee294f8fb34131017de33) Importer(2089858483,0ecaa5967403d082aa24f35e1b516d23)
Start importing Assets/MRTK+/Samples/Mixed Reality Toolkit Examples/2.8.3/Demos - EyeTracking/DemoTargetSelections/Scripts/RotateWithConstSpeedDir.cs using Guid(094a6cb9d3eee294f8fb34131017de33) Importer(2089858483,0ecaa5967403d082aa24f35e1b516d23) Generated GUIDs only implemented for interfaces!
 -> (artifact id: 'ad72064c8f3c559e307d137a566d22a2') in 0.012903 seconds 
========================================================================
Received Import Request.
  Time since last request: 0.000032 seconds.
  path: Assets/MRTK+/Samples/Mixed Reality Toolkit Examples/2.8.3/Demos - Input/Scenes/Dictation/DictationExample.unity
  artifactKey: Guid(8761e3a97a3e8614e8be2cf7a8ce7ffd) Importer(2089858483,0ecaa5967403d082aa24f35e1b516d23)
Start importing Assets/MRTK+/Samples/Mixed Reality Toolkit Examples/2.8.3/Demos - Input/Scenes/Dictation/DictationExample.unity using Guid(8761e3a97a3e8614e8be2cf7a8ce7ffd) Importer(2089858483,0ecaa5967403d082aa24f35e1b516d23) Generated GUIDs only implemented for interfaces!
 -> (artifact id: '53a14a4e0ae8553bef5d6ebd66347679') in 0.010715 seconds 
========================================================================
Received Import Request.
  Time since last request: 0.000035 seconds.
  path: Assets/MRTK+/Samples/Mixed Reality Toolkit Examples/2.8.3/Demos - EyeTracking/DemoTargetSelections/Materials/mat_Icosa.mat
  artifactKey: Guid(59c116cb7d669b7489d194995fc673b0) Importer(2089858483,0ecaa5967403d082aa24f35e1b516d23)
Start importing Assets/MRTK+/Samples/Mixed Reality Toolkit Examples/2.8.3/Demos - EyeTracking/DemoTargetSelections/Materials/mat_Icosa.mat using Guid(59c116cb7d669b7489d194995fc673b0) Importer(2089858483,0ecaa5967403d082aa24f35e1b516d23) Generated GUIDs only implemented for interfaces!
 -> (artifact id: '96041064a423df3e09bdc01e27caf732') in 0.029715 seconds 
========================================================================
Received Import Request.
  Time since last request: 0.000035 seconds.
  path: Assets/MRTK+/Samples/Mixed Reality Toolkit Examples/2.8.3/Demos - EyeTracking/General/Profiles/EyeTrackingDemoPointerProfile.asset
  artifactKey: Guid(fa348bf44b661704fb20e5d975528e84) Importer(2089858483,0ecaa5967403d082aa24f35e1b516d23)
Start importing Assets/MRTK+/Samples/Mixed Reality Toolkit Examples/2.8.3/Demos - EyeTracking/General/Profiles/EyeTrackingDemoPointerProfile.asset using Guid(fa348bf44b661704fb20e5d975528e84) Importer(2089858483,0ecaa5967403d082aa24f35e1b516d23) Generated GUIDs only implemented for interfaces!
 -> (artifact id: '0ad9edc36efa0d9321224055df9fefe0') in 0.032891 seconds 
========================================================================
Received Import Request.
  Time since last request: 0.000034 seconds.
  path: Assets/MRTK+/Samples/Mixed Reality Toolkit Examples/2.8.3/Demos - Input/Scenes/InputData/HeadGizmo.prefab
  artifactKey: Guid(b6db7367f2b63e44888c4c6faecdb483) Importer(2089858483,0ecaa5967403d082aa24f35e1b516d23)
Start importing Assets/MRTK+/Samples/Mixed Reality Toolkit Examples/2.8.3/Demos - Input/Scenes/InputData/HeadGizmo.prefab using Guid(b6db7367f2b63e44888c4c6faecdb483) Importer(2089858483,0ecaa5967403d082aa24f35e1b516d23) Generated GUIDs only implemented for interfaces!
 -> (artifact id: 'e1e92f156bde00480aceacdf69b8e66f') in 0.021033 seconds 
========================================================================
Received Import Request.
  Time since last request: 0.000032 seconds.
  path: Assets/MRTK+/Samples/Mixed Reality Toolkit Examples/2.8.3/Demos - EyeTracking/DemoVisualizer/Scripts/BasicInputLogger.cs
  artifactKey: Guid(c2c370efbbf0a8f4e97f0fc33d49d41e) Importer(2089858483,0ecaa5967403d082aa24f35e1b516d23)
Start importing Assets/MRTK+/Samples/Mixed Reality Toolkit Examples/2.8.3/Demos - EyeTracking/DemoVisualizer/Scripts/BasicInputLogger.cs using Guid(c2c370efbbf0a8f4e97f0fc33d49d41e) Importer(2089858483,0ecaa5967403d082aa24f35e1b516d23) Generated GUIDs only implemented for interfaces!
 -> (artifact id: '081ce89bc7f528d934233bb7699664f6') in 0.009160 seconds 
========================================================================
Received Import Request.
  Time since last request: 0.000037 seconds.
  path: Assets/MRTK+/Samples/Mixed Reality Toolkit Examples/2.8.3/Demos - EyeTracking/General/Materials/mat_dwellfeedback_main.mat
  artifactKey: Guid(70d25c24ecbc5214fa1b650a45678208) Importer(2089858483,0ecaa5967403d082aa24f35e1b516d23)
Start importing Assets/MRTK+/Samples/Mixed Reality Toolkit Examples/2.8.3/Demos - EyeTracking/General/Materials/mat_dwellfeedback_main.mat using Guid(70d25c24ecbc5214fa1b650a45678208) Importer(2089858483,0ecaa5967403d082aa24f35e1b516d23) Generated GUIDs only implemented for interfaces!
 -> (artifact id: 'bd55fd12294df9f0c79950cf4062a6e4') in 0.025170 seconds 
Editor requested this worker to shutdown with reason: Scaling down because of idle timeout
AssetImportWorker is now disconnected from the server
Process exiting
Exiting without the bug reporter. Application will terminate with return code 0